\BOOKMARK [1][-]{section.1}{\376\377\000W\000h\000a\000t\000\040\000w\000e\040\031\000r\000e\000\040\000l\000o\000o\000k\000i\000n\000g\000\040\000f\000o\000r}{}% 1
\BOOKMARK [1][-]{section.2}{\376\377\000C\000o\000n\000t\000r\000i\000b\000u\000t\000i\000n\000g}{}% 2
\BOOKMARK [2][-]{subsection.2.1}{\376\377\000S\000e\000t\000\040\000U\000p\000\040\000\046\000\040\000C\000o\000n\000t\000r\000i\000b\000u\000t\000i\000n\000g}{section.2}% 3
\BOOKMARK [3][-]{subsubsection*.3}{\376\377\0001\000.\000\040\000C\000l\000o\000n\000e\000\040\000t\000h\000e\000\040\000R\000e\000p\000o\000s\000i\000t\000o\000r\000y}{subsection.2.1}% 4
\BOOKMARK [3][-]{subsubsection*.4}{\376\377\0002\000.\000\040\000N\000a\000v\000i\000g\000a\000t\000e\000\040\000t\000o\000\040\000t\000h\000e\000\040\000r\000e\000p\000o\000s\000i\000t\000o\000r\000y\000\040\000d\000i\000r\000e\000c\000t\000o\000r\000y\000:}{subsection.2.1}% 5
\BOOKMARK [3][-]{subsubsection*.5}{\376\377\0003\000.\000\040\000C\000r\000e\000a\000t\000e\000\040\000a\000\040\000n\000e\000w\000\040\000b\000r\000a\000n\000c\000h\000:}{subsection.2.1}% 6
\BOOKMARK [3][-]{subsubsection*.6}{\376\377\0003\000.\000\040\000W\000o\000r\000k\000\040\000y\000o\000u\000r\000\040\000m\000a\000g\000i\000c\000:}{subsection.2.1}% 7
\BOOKMARK [3][-]{subsubsection*.7}{\376\377\0004\000.\000\040\000S\000t\000a\000g\000e\000\040\000y\000o\000u\000r\000\040\000c\000h\000a\000n\000g\000e\000s\000:}{subsection.2.1}% 8
\BOOKMARK [3][-]{subsubsection*.8}{\376\377\0005\000.\000\040\000C\000o\000m\000m\000i\000t\000\040\000y\000o\000u\000r\000\040\000c\000h\000a\000n\000g\000e\000s\000:}{subsection.2.1}% 9
\BOOKMARK [3][-]{subsubsection*.9}{\376\377\0006\000.\000\040\000P\000u\000s\000h\000\040\000Y\000o\000u\000r\000\040\000B\000r\000a\000n\000c\000h\000\040\000t\000o\000\040\000G\000i\000t\000H\000u\000b}{subsection.2.1}% 10
\BOOKMARK [3][-]{subsubsection*.10}{\376\377\0007\000.\000\040\000C\000r\000e\000a\000t\000e\000\040\000a\000\040\000P\000u\000l\000l\000\040\000R\000e\000q\000u\000e\000s\000t}{subsection.2.1}% 11
\BOOKMARK [3][-]{subsubsection*.11}{\376\377\0008\000.\000\040\000M\000e\000r\000g\000e\000\040\000t\000h\000e\000\040\000p\000u\000l\000l\000\040\000r\000e\000q\000u\000e\000s\000t\000:}{subsection.2.1}% 12
\BOOKMARK [3][-]{subsubsection*.12}{\376\377\000S\000u\000m\000m\000a\000r\000y\000\040\000o\000f\000\040\000G\000i\000t\000\040\000C\000o\000m\000m\000a\000n\000d\000s}{subsection.2.1}% 13
\BOOKMARK [2][-]{subsection.2.2}{\376\377\000T\000e\000s\000t\000i\000n\000g\000\040\000C\000o\000d\000e}{section.2}% 14
\BOOKMARK [1][-]{section.3}{\376\377\000G\000e\000t\000t\000i\000n\000g\000\040\000S\000t\000a\000r\000t\000e\000d}{}% 15
\BOOKMARK [2][-]{subsection.3.1}{\376\377\000R\000e\000d\000d\000i\000t\000\040\000E\000x\000a\000m\000p\000l\000e\000\040\000D\000a\000t\000a\000s\000e\000t}{section.3}% 16
\BOOKMARK [3][-]{subsubsection*.13}{\376\377\000A\000\040\000w\000a\000l\000k\000t\000h\000r\000o\000u\000g\000h\000\040\000o\000f\000\040\000t\000h\000e\000\040\000d\000a\000t\000a\000s\000e\000t\000\040\000c\000o\000d\000e\000\040\000f\000o\000r\000\040\000t\000h\000e\000\040\000B\000i\000g\000\040\000G\000r\000a\000p\000h\000\040\000D\000a\000t\000a\000s\000e\000t\000\040\000p\000r\000o\000j\000e\000c\000t}{subsection.3.1}% 17
\BOOKMARK [4][-]{paragraph*.14}{\376\377\000G\000e\000t\000t\000i\000n\000g\000\040\000t\000h\000e\000\040\000g\000r\000a\000p\000h}{subsubsection*.13}% 18
\BOOKMARK [4][-]{paragraph*.15}{\376\377\000T\000u\000r\000n\000\040\000t\000h\000e\000\040\000d\000a\000t\000a\000\040\000i\000n\000t\000o\000\040\000a\000\040\000g\000r\000a\000p\000h}{subsubsection*.13}% 19
\BOOKMARK [3][-]{subsubsection*.16}{\376\377\000S\000a\000m\000p\000l\000e\000\040\000t\000o\000\040\000m\000a\000k\000e\000\040\000a\000\040\000d\000a\000t\000a\000s\000e\000t\000\040\000o\000f\000\040\000s\000m\000a\000l\000l\000e\000r\000\040\000g\000r\000a\000p\000h\000s}{subsection.3.1}% 20
\BOOKMARK [3][-]{subsubsection*.17}{\376\377\000T\000h\000e\000\040\000f\000i\000n\000a\000l\000\040\000d\000a\000t\000a\000s\000e\000t}{subsection.3.1}% 21
\BOOKMARK [3][-]{subsubsection*.18}{\376\377\000O\000t\000h\000e\000r\000\040\000d\000a\000t\000s\000e\000t\000s}{subsection.3.1}% 22
\BOOKMARK [1][-]{section.4}{\376\377\000D\000a\000t\000a\000s\000e\000t\000s}{}% 23
\BOOKMARK [2][-]{subsection.4.1}{\376\377\000M\000a\000n\000y\000-\000G\000r\000a\000p\000h\000\040\000D\000a\000t\000a\000s\000e\000t\000s}{section.4}% 24
\BOOKMARK [3][-]{subsubsection*.19}{\376\377\000F\000r\000o\000m\000\040\000R\000e\000a\000l\000\040\000D\000a\000t\000a}{subsection.4.1}% 25
\BOOKMARK [3][-]{subsubsection*.57}{\376\377\000S\000y\000n\000t\000h\000e\000t\000i\000c}{subsection.4.1}% 26
\BOOKMARK [3][-]{subsubsection*.77}{\376\377\000F\000u\000n\000c\000t\000i\000o\000n\000s\000\040\000\046\000\040\000L\000o\000a\000d\000e\000r\000s}{subsection.4.1}% 27
\BOOKMARK [1][-]{section.5}{\376\377\000T\000o\000P\000\040\000\050\000T\000o\000p\000o\000l\000o\000g\000y\000\040\000O\000n\000l\000y\000\040\000P\000r\000e\000-\000T\000r\000a\000i\000n\000i\000n\000g\000\051}{}% 28
\BOOKMARK [2][-]{subsection.5.1}{\376\377\000T\000o\000P\000\040\000\050\000T\000o\000p\000o\000l\000o\000g\000y\000\040\000o\000n\000l\000y\000\040\000P\000r\000e\000-\000t\000r\000a\000i\000n\000i\000n\000g\000\051}{section.5}% 29
\BOOKMARK [1][-]{section.6}{\376\377\000C\000r\000e\000d\000i\000t\000s}{}% 30
\BOOKMARK [2][-]{subsection.6.1}{\376\377\000C\000r\000e\000d\000i\000t\000s}{section.6}% 31
\BOOKMARK [1][-]{section.7}{\376\377\000I\000n\000d\000i\000c\000e\000s\000\040\000a\000n\000d\000\040\000t\000a\000b\000l\000e\000s}{}% 32
\BOOKMARK [1][-]{section*.101}{\376\377\000P\000y\000t\000h\000o\000n\000\040\000M\000o\000d\000u\000l\000e\000\040\000I\000n\000d\000e\000x}{}% 33
\BOOKMARK [1][-]{section*.102}{\376\377\000I\000n\000d\000e\000x}{}% 34
